# JRE version: Java(TM) SE Runtime Environment (16.0.1+9) (build 16.0.1+9-24)
# Java VM: Java HotSpot(TM) 64-Bit Server VM (16.0.1+9-24, mixed mode, sharing, tiered, compressed oops, compressed class ptrs, g1 gc, bsd-amd64)
GC Precious Log:
 CPUs: 16 total, 16 available
 Memory: 8192M
 Large Page Support: Disabled
 NUMA Support: Disabled
 Compressed Oops: Enabled (Zero based)
 Heap Region Size: 1M
 Heap Min Capacity: 8M
 Heap Initial Capacity: 128M
 Heap Max Capacity: 2G
 Pre-touch: Disabled
 Parallel Workers: 13
 Concurrent Workers: 3
 Concurrent Refinement Workers: 13
 Periodic GC: Disabled
Heap:
 garbage-first heap   total 55296K, used 21514K [0x0000000780000000, 0x0000000800000000)
  region size 1024K, 15 young (15360K), 6 survivors (6144K)
 Metaspace       used 23078K, committed 23296K, reserved 1073152K
  class space    used 2744K, committed 2880K, reserved 1048576K
GC Heap History (6 events):
Event: 0.693 GC heap before
{Heap before GC invocations=0 (full 0):
 garbage-first heap   total 133120K, used 24520K [0x0000000780000000, 0x0000000800000000)
  region size 1024K, 23 young (23552K), 0 survivors (0K)
 Metaspace       used 7591K, committed 7808K, reserved 1056768K
  class space    used 841K, committed 960K, reserved 1048576K
}
Event: 0.699 GC heap after
{Heap after GC invocations=1 (full 0):
 garbage-first heap   total 133120K, used 7969K [0x0000000780000000, 0x0000000800000000)
  region size 1024K, 3 young (3072K), 3 survivors (3072K)
 Metaspace       used 7591K, committed 7808K, reserved 1056768K
  class space    used 841K, committed 960K, reserved 1048576K
}
Event: 8.308 GC heap before
{Heap before GC invocations=1 (full 0):
 garbage-first heap   total 133120K, used 42785K [0x0000000780000000, 0x0000000800000000)
  region size 1024K, 37 young (37888K), 3 survivors (3072K)
 Metaspace       used 17540K, committed 17792K, reserved 1064960K
  class space    used 2080K, committed 2240K, reserved 1048576K
}
Event: 8.328 GC heap after
{Heap after GC invocations=2 (full 0):
 garbage-first heap   total 133120K, used 11653K [0x0000000780000000, 0x0000000800000000)
  region size 1024K, 4 young (4096K), 4 survivors (4096K)
 Metaspace       used 17540K, committed 17792K, reserved 1064960K
  class space    used 2080K, committed 2240K, reserved 1048576K
}
Event: 8.641 GC heap before
{Heap before GC invocations=2 (full 0):
 garbage-first heap   total 133120K, used 24965K [0x0000000780000000, 0x0000000800000000)
  region size 1024K, 18 young (18432K), 4 survivors (4096K)
 Metaspace       used 21045K, committed 21248K, reserved 1073152K
  class space    used 2460K, committed 2560K, reserved 1048576K
}
Event: 8.646 GC heap after
{Heap after GC invocations=3 (full 0):
 garbage-first heap   total 133120K, used 13322K [0x0000000780000000, 0x0000000800000000)
  region size 1024K, 6 young (6144K), 6 survivors (6144K)
 Metaspace       used 21045K, committed 21248K, reserved 1073152K
  class space    used 2460K, committed 2560K, reserved 1048576K
}

