<?xml version="1.0" encoding="UTF-8"?>
<testng-results ignored="0" total="1" passed="1" failed="0" skipped="0">
  <reporter-output>
  </reporter-output>
  <suite started-at="2021-09-30T18:49:05 PDT" name="Default suite" finished-at="2021-09-30T18:49:39 PDT" duration-ms="34732">
    <groups>
    </groups>
    <test started-at="2021-09-30T18:49:05 PDT" name="Default test" finished-at="2021-09-30T18:49:39 PDT" duration-ms="34732">
      <class name="iosdemo.Zelenium_test">
        <test-method is-config="true" signature="setUp()[pri:0, instance:iosdemo.Zelenium_test@29e6eb25]" started-at="2021-09-30T18:49:04 PDT" name="setUp" finished-at="2021-09-30T18:49:05 PDT" duration-ms="651" status="PASS">
          <reporter-output>
          </reporter-output>
        </test-method> <!-- setUp -->
        <test-method signature="readExcelandexecute()[pri:0, instance:iosdemo.Zelenium_test@29e6eb25]" started-at="2021-09-30T18:49:05 PDT" name="readExcelandexecute" finished-at="2021-09-30T18:49:39 PDT" duration-ms="34662" status="PASS">
          <reporter-output>
          </reporter-output>
        </test-method> <!-- readExcelandexecute -->
        <test-method is-config="true" signature="tearTown()[pri:0, instance:iosdemo.Zelenium_test@29e6eb25]" started-at="2021-09-30T18:49:39 PDT" name="tearTown" finished-at="2021-09-30T18:49:45 PDT" duration-ms="5671" status="PASS">
          <reporter-output>
          </reporter-output>
        </test-method> <!-- tearTown -->
      </class> <!-- iosdemo.Zelenium_test -->
    </test> <!-- Default test -->
  </suite> <!-- Default suite -->
</testng-results>
